<?xml version="1.0" encoding="UTF-8"?>
<testsuite xmlns:xsi="http://www.w3.org/2001/XMLSchema-instance" xsi:noNamespaceSchemaLocation="https://maven.apache.org/surefire/maven-surefire-plugin/xsd/surefire-test-report-3.0.xsd" version="3.0" name="com.docmgmt.gateway.ApiGatewayApplicationTest" time="3.975" tests="1" errors="0" skipped="0" failures="0">
  <properties>
    <property name="java.specification.version" value="23"/>
    <property name="sun.jnu.encoding" value="UTF-8"/>
    <property name="java.class.path" value="/Users/lilia/Desktop/deliverable/dms-gateway-main/target/test-classes:/Users/lilia/Desktop/deliverable/dms-gateway-main/target/classes:/Users/lilia/.m2/repository/org/springframework/cloud/spring-cloud-starter-gateway/4.1.0/spring-cloud-starter-gateway-4.1.0.jar:/Users/lilia/.m2/repository/org/springframework/cloud/spring-cloud-starter/4.1.0/spring-cloud-starter-4.1.0.jar:/Users/lilia/.m2/repository/org/springframework/cloud/spring-cloud-context/4.1.0/spring-cloud-context-4.1.0.jar:/Users/lilia/.m2/repository/org/springframework/security/spring-security-crypto/6.2.0/spring-security-crypto-6.2.0.jar:/Users/lilia/.m2/repository/org/springframework/cloud/spring-cloud-commons/4.1.0/spring-cloud-commons-4.1.0.jar:/Users/lilia/.m2/repository/org/springframework/security/spring-security-rsa/1.1.1/spring-security-rsa-1.1.1.jar:/Users/lilia/.m2/repository/org/bouncycastle/bcprov-jdk18on/1.74/bcprov-jdk18on-1.74.jar:/Users/lilia/.m2/repository/org/springframework/cloud/spring-cloud-gateway-server/4.1.0/spring-cloud-gateway-server-4.1.0.jar:/Users/lilia/.m2/repository/org/springframework/boot/spring-boot-starter-validation/3.2.0/spring-boot-starter-validation-3.2.0.jar:/Users/lilia/.m2/repository/org/apache/tomcat/embed/tomcat-embed-el/10.1.16/tomcat-embed-el-10.1.16.jar:/Users/lilia/.m2/repository/org/hibernate/validator/hibernate-validator/8.0.1.Final/hibernate-validator-8.0.1.Final.jar:/Users/lilia/.m2/repository/jakarta/validation/jakarta.validation-api/3.0.2/jakarta.validation-api-3.0.2.jar:/Users/lilia/.m2/repository/org/jboss/logging/jboss-logging/3.5.3.Final/jboss-logging-3.5.3.Final.jar:/Users/lilia/.m2/repository/com/fasterxml/classmate/1.6.0/classmate-1.6.0.jar:/Users/lilia/.m2/repository/io/projectreactor/addons/reactor-extra/3.5.1/reactor-extra-3.5.1.jar:/Users/lilia/.m2/repository/org/springframework/boot/spring-boot-starter-webflux/3.2.0/spring-boot-starter-webflux-3.2.0.jar:/Users/lilia/.m2/repository/org/springframework/boot/spring-boot-starter-json/3.2.0/spring-boot-starter-json-3.2.0.jar:/Users/lilia/.m2/repository/com/fasterxml/jackson/datatype/jackson-datatype-jdk8/2.15.3/jackson-datatype-jdk8-2.15.3.jar:/Users/lilia/.m2/repository/com/fasterxml/jackson/module/jackson-module-parameter-names/2.15.3/jackson-module-parameter-names-2.15.3.jar:/Users/lilia/.m2/repository/org/springframework/boot/spring-boot-starter-reactor-netty/3.2.0/spring-boot-starter-reactor-netty-3.2.0.jar:/Users/lilia/.m2/repository/io/projectreactor/netty/reactor-netty-http/1.1.13/reactor-netty-http-1.1.13.jar:/Users/lilia/.m2/repository/io/netty/netty-codec-http/4.1.101.Final/netty-codec-http-4.1.101.Final.jar:/Users/lilia/.m2/repository/io/netty/netty-common/4.1.101.Final/netty-common-4.1.101.Final.jar:/Users/lilia/.m2/repository/io/netty/netty-buffer/4.1.101.Final/netty-buffer-4.1.101.Final.jar:/Users/lilia/.m2/repository/io/netty/netty-transport/4.1.101.Final/netty-transport-4.1.101.Final.jar:/Users/lilia/.m2/repository/io/netty/netty-codec/4.1.101.Final/netty-codec-4.1.101.Final.jar:/Users/lilia/.m2/repository/io/netty/netty-handler/4.1.101.Final/netty-handler-4.1.101.Final.jar:/Users/lilia/.m2/repository/io/netty/netty-codec-http2/4.1.101.Final/netty-codec-http2-4.1.101.Final.jar:/Users/lilia/.m2/repository/io/netty/netty-resolver-dns/4.1.101.Final/netty-resolver-dns-4.1.101.Final.jar:/Users/lilia/.m2/repository/io/netty/netty-resolver/4.1.101.Final/netty-resolver-4.1.101.Final.jar:/Users/lilia/.m2/repository/io/netty/netty-codec-dns/4.1.101.Final/netty-codec-dns-4.1.101.Final.jar:/Users/lilia/.m2/repository/io/netty/netty-resolver-dns-native-macos/4.1.101.Final/netty-resolver-dns-native-macos-4.1.101.Final-osx-x86_64.jar:/Users/lilia/.m2/repository/io/netty/netty-resolver-dns-classes-macos/4.1.101.Final/netty-resolver-dns-classes-macos-4.1.101.Final.jar:/Users/lilia/.m2/repository/io/netty/netty-transport-native-epoll/4.1.101.Final/netty-transport-native-epoll-4.1.101.Final-linux-x86_64.jar:/Users/lilia/.m2/repository/io/netty/netty-transport-native-unix-common/4.1.101.Final/netty-transport-native-unix-common-4.1.101.Final.jar:/Users/lilia/.m2/repository/io/netty/netty-transport-classes-epoll/4.1.101.Final/netty-transport-classes-epoll-4.1.101.Final.jar:/Users/lilia/.m2/repository/io/projectreactor/netty/reactor-netty-core/1.1.13/reactor-netty-core-1.1.13.jar:/Users/lilia/.m2/repository/io/netty/netty-handler-proxy/4.1.101.Final/netty-handler-proxy-4.1.101.Final.jar:/Users/lilia/.m2/repository/io/netty/netty-codec-socks/4.1.101.Final/netty-codec-socks-4.1.101.Final.jar:/Users/lilia/.m2/repository/org/springframework/spring-web/6.1.1/spring-web-6.1.1.jar:/Users/lilia/.m2/repository/org/springframework/spring-webflux/6.1.1/spring-webflux-6.1.1.jar:/Users/lilia/.m2/repository/org/springframework/boot/spring-boot-starter-actuator/3.2.0/spring-boot-starter-actuator-3.2.0.jar:/Users/lilia/.m2/repository/org/springframework/boot/spring-boot-starter/3.2.0/spring-boot-starter-3.2.0.jar:/Users/lilia/.m2/repository/org/springframework/boot/spring-boot/3.2.0/spring-boot-3.2.0.jar:/Users/lilia/.m2/repository/org/springframework/boot/spring-boot-autoconfigure/3.2.0/spring-boot-autoconfigure-3.2.0.jar:/Users/lilia/.m2/repository/org/springframework/boot/spring-boot-starter-logging/3.2.0/spring-boot-starter-logging-3.2.0.jar:/Users/lilia/.m2/repository/ch/qos/logback/logback-classic/1.4.11/logback-classic-1.4.11.jar:/Users/lilia/.m2/repository/ch/qos/logback/logback-core/1.4.11/logback-core-1.4.11.jar:/Users/lilia/.m2/repository/org/apache/logging/log4j/log4j-to-slf4j/2.21.1/log4j-to-slf4j-2.21.1.jar:/Users/lilia/.m2/repository/org/apache/logging/log4j/log4j-api/2.21.1/log4j-api-2.21.1.jar:/Users/lilia/.m2/repository/org/slf4j/jul-to-slf4j/2.0.9/jul-to-slf4j-2.0.9.jar:/Users/lilia/.m2/repository/jakarta/annotation/jakarta.annotation-api/2.1.1/jakarta.annotation-api-2.1.1.jar:/Users/lilia/.m2/repository/org/yaml/snakeyaml/2.2/snakeyaml-2.2.jar:/Users/lilia/.m2/repository/org/springframework/boot/spring-boot-actuator-autoconfigure/3.2.0/spring-boot-actuator-autoconfigure-3.2.0.jar:/Users/lilia/.m2/repository/org/springframework/boot/spring-boot-actuator/3.2.0/spring-boot-actuator-3.2.0.jar:/Users/lilia/.m2/repository/com/fasterxml/jackson/datatype/jackson-datatype-jsr310/2.15.3/jackson-datatype-jsr310-2.15.3.jar:/Users/lilia/.m2/repository/io/micrometer/micrometer-observation/1.12.0/micrometer-observation-1.12.0.jar:/Users/lilia/.m2/repository/io/micrometer/micrometer-commons/1.12.0/micrometer-commons-1.12.0.jar:/Users/lilia/.m2/repository/io/micrometer/micrometer-jakarta9/1.12.0/micrometer-jakarta9-1.12.0.jar:/Users/lilia/.m2/repository/io/micrometer/micrometer-core/1.12.0/micrometer-core-1.12.0.jar:/Users/lilia/.m2/repository/org/hdrhistogram/HdrHistogram/2.1.12/HdrHistogram-2.1.12.jar:/Users/lilia/.m2/repository/org/latencyutils/LatencyUtils/2.0.3/LatencyUtils-2.0.3.jar:/Users/lilia/.m2/repository/org/springframework/boot/spring-boot-starter-security/3.2.0/spring-boot-starter-security-3.2.0.jar:/Users/lilia/.m2/repository/org/springframework/spring-aop/6.1.1/spring-aop-6.1.1.jar:/Users/lilia/.m2/repository/org/springframework/spring-beans/6.1.1/spring-beans-6.1.1.jar:/Users/lilia/.m2/repository/org/springframework/security/spring-security-config/6.2.0/spring-security-config-6.2.0.jar:/Users/lilia/.m2/repository/org/springframework/security/spring-security-core/6.2.0/spring-security-core-6.2.0.jar:/Users/lilia/.m2/repository/org/springframework/spring-context/6.1.1/spring-context-6.1.1.jar:/Users/lilia/.m2/repository/org/springframework/security/spring-security-web/6.2.0/spring-security-web-6.2.0.jar:/Users/lilia/.m2/repository/org/springframework/spring-expression/6.1.1/spring-expression-6.1.1.jar:/Users/lilia/.m2/repository/io/jsonwebtoken/jjwt-api/0.11.5/jjwt-api-0.11.5.jar:/Users/lilia/.m2/repository/io/jsonwebtoken/jjwt-impl/0.11.5/jjwt-impl-0.11.5.jar:/Users/lilia/.m2/repository/io/jsonwebtoken/jjwt-jackson/0.11.5/jjwt-jackson-0.11.5.jar:/Users/lilia/.m2/repository/com/fasterxml/jackson/core/jackson-databind/2.15.3/jackson-databind-2.15.3.jar:/Users/lilia/.m2/repository/com/fasterxml/jackson/core/jackson-annotations/2.15.3/jackson-annotations-2.15.3.jar:/Users/lilia/.m2/repository/com/fasterxml/jackson/core/jackson-core/2.15.3/jackson-core-2.15.3.jar:/Users/lilia/.m2/repository/org/projectlombok/lombok/1.18.32/lombok-1.18.32.jar:/Users/lilia/.m2/repository/org/springframework/boot/spring-boot-starter-test/3.2.0/spring-boot-starter-test-3.2.0.jar:/Users/lilia/.m2/repository/org/springframework/boot/spring-boot-test/3.2.0/spring-boot-test-3.2.0.jar:/Users/lilia/.m2/repository/org/springframework/boot/spring-boot-test-autoconfigure/3.2.0/spring-boot-test-autoconfigure-3.2.0.jar:/Users/lilia/.m2/repository/com/jayway/jsonpath/json-path/2.8.0/json-path-2.8.0.jar:/Users/lilia/.m2/repository/org/slf4j/slf4j-api/2.0.9/slf4j-api-2.0.9.jar:/Users/lilia/.m2/repository/jakarta/xml/bind/jakarta.xml.bind-api/4.0.1/jakarta.xml.bind-api-4.0.1.jar:/Users/lilia/.m2/repository/jakarta/activation/jakarta.activation-api/2.1.2/jakarta.activation-api-2.1.2.jar:/Users/lilia/.m2/repository/net/minidev/json-smart/2.5.0/json-smart-2.5.0.jar:/Users/lilia/.m2/repository/net/minidev/accessors-smart/2.5.0/accessors-smart-2.5.0.jar:/Users/lilia/.m2/repository/org/ow2/asm/asm/9.3/asm-9.3.jar:/Users/lilia/.m2/repository/org/assertj/assertj-core/3.24.2/assertj-core-3.24.2.jar:/Users/lilia/.m2/repository/net/bytebuddy/byte-buddy/1.14.10/byte-buddy-1.14.10.jar:/Users/lilia/.m2/repository/org/awaitility/awaitility/4.2.0/awaitility-4.2.0.jar:/Users/lilia/.m2/repository/org/hamcrest/hamcrest/2.2/hamcrest-2.2.jar:/Users/lilia/.m2/repository/org/junit/jupiter/junit-jupiter/5.10.1/junit-jupiter-5.10.1.jar:/Users/lilia/.m2/repository/org/junit/jupiter/junit-jupiter-params/5.10.1/junit-jupiter-params-5.10.1.jar:/Users/lilia/.m2/repository/org/junit/jupiter/junit-jupiter-engine/5.10.1/junit-jupiter-engine-5.10.1.jar:/Users/lilia/.m2/repository/org/junit/platform/junit-platform-engine/1.10.1/junit-platform-engine-1.10.1.jar:/Users/lilia/.m2/repository/org/mockito/mockito-core/5.5.0/mockito-core-5.5.0.jar:/Users/lilia/.m2/repository/net/bytebuddy/byte-buddy-agent/1.14.10/byte-buddy-agent-1.14.10.jar:/Users/lilia/.m2/repository/org/objenesis/objenesis/3.3/objenesis-3.3.jar:/Users/lilia/.m2/repository/org/skyscreamer/jsonassert/1.5.1/jsonassert-1.5.1.jar:/Users/lilia/.m2/repository/com/vaadin/external/google/android-json/0.0.20131108.vaadin1/android-json-0.0.20131108.vaadin1.jar:/Users/lilia/.m2/repository/org/springframework/spring-core/6.1.1/spring-core-6.1.1.jar:/Users/lilia/.m2/repository/org/springframework/spring-jcl/6.1.1/spring-jcl-6.1.1.jar:/Users/lilia/.m2/repository/org/springframework/spring-test/6.1.1/spring-test-6.1.1.jar:/Users/lilia/.m2/repository/org/xmlunit/xmlunit-core/2.9.1/xmlunit-core-2.9.1.jar:/Users/lilia/.m2/repository/io/projectreactor/reactor-test/3.6.0/reactor-test-3.6.0.jar:/Users/lilia/.m2/repository/io/projectreactor/reactor-core/3.6.0/reactor-core-3.6.0.jar:/Users/lilia/.m2/repository/org/reactivestreams/reactive-streams/1.0.4/reactive-streams-1.0.4.jar:/Users/lilia/.m2/repository/org/mockito/mockito-junit-jupiter/5.5.0/mockito-junit-jupiter-5.5.0.jar:/Users/lilia/.m2/repository/org/junit/jupiter/junit-jupiter-api/5.10.1/junit-jupiter-api-5.10.1.jar:/Users/lilia/.m2/repository/org/opentest4j/opentest4j/1.3.0/opentest4j-1.3.0.jar:/Users/lilia/.m2/repository/org/junit/platform/junit-platform-commons/1.10.1/junit-platform-commons-1.10.1.jar:/Users/lilia/.m2/repository/org/apiguardian/apiguardian-api/1.1.2/apiguardian-api-1.1.2.jar:/Users/lilia/.m2/repository/org/mockito/mockito-inline/5.2.0/mockito-inline-5.2.0.jar:"/>
    <property name="java.vm.vendor" value="Homebrew"/>
    <property name="sun.arch.data.model" value="64"/>
    <property name="java.vendor.url" value="https://github.com/Homebrew/homebrew-core/issues"/>
    <property name="user.timezone" value="Africa/Algiers"/>
    <property name="org.jboss.logging.provider" value="slf4j"/>
    <property name="os.name" value="Mac OS X"/>
    <property name="java.vm.specification.version" value="23"/>
    <property name="sun.java.launcher" value="SUN_STANDARD"/>
    <property name="user.country" value="DZ"/>
    <property name="sun.boot.library.path" value="/opt/homebrew/Cellar/openjdk/23.0.2/libexec/openjdk.jdk/Contents/Home/lib"/>
    <property name="sun.java.command" value="/Users/lilia/Desktop/deliverable/dms-gateway-main/target/surefire/surefirebooter-20250517073729792_3.jar /Users/lilia/Desktop/deliverable/dms-gateway-main/target/surefire 2025-05-17T07-37-29_705-jvmRun1 surefire-20250517073729792_1tmp surefire_0-20250517073729792_2tmp"/>
    <property name="http.nonProxyHosts" value="local|*.local|169.254/16|*.169.254/16"/>
    <property name="jdk.debug" value="release"/>
    <property name="surefire.test.class.path" value="/Users/lilia/Desktop/deliverable/dms-gateway-main/target/test-classes:/Users/lilia/Desktop/deliverable/dms-gateway-main/target/classes:/Users/lilia/.m2/repository/org/springframework/cloud/spring-cloud-starter-gateway/4.1.0/spring-cloud-starter-gateway-4.1.0.jar:/Users/lilia/.m2/repository/org/springframework/cloud/spring-cloud-starter/4.1.0/spring-cloud-starter-4.1.0.jar:/Users/lilia/.m2/repository/org/springframework/cloud/spring-cloud-context/4.1.0/spring-cloud-context-4.1.0.jar:/Users/lilia/.m2/repository/org/springframework/security/spring-security-crypto/6.2.0/spring-security-crypto-6.2.0.jar:/Users/lilia/.m2/repository/org/springframework/cloud/spring-cloud-commons/4.1.0/spring-cloud-commons-4.1.0.jar:/Users/lilia/.m2/repository/org/springframework/security/spring-security-rsa/1.1.1/spring-security-rsa-1.1.1.jar:/Users/lilia/.m2/repository/org/bouncycastle/bcprov-jdk18on/1.74/bcprov-jdk18on-1.74.jar:/Users/lilia/.m2/repository/org/springframework/cloud/spring-cloud-gateway-server/4.1.0/spring-cloud-gateway-server-4.1.0.jar:/Users/lilia/.m2/repository/org/springframework/boot/spring-boot-starter-validation/3.2.0/spring-boot-starter-validation-3.2.0.jar:/Users/lilia/.m2/repository/org/apache/tomcat/embed/tomcat-embed-el/10.1.16/tomcat-embed-el-10.1.16.jar:/Users/lilia/.m2/repository/org/hibernate/validator/hibernate-validator/8.0.1.Final/hibernate-validator-8.0.1.Final.jar:/Users/lilia/.m2/repository/jakarta/validation/jakarta.validation-api/3.0.2/jakarta.validation-api-3.0.2.jar:/Users/lilia/.m2/repository/org/jboss/logging/jboss-logging/3.5.3.Final/jboss-logging-3.5.3.Final.jar:/Users/lilia/.m2/repository/com/fasterxml/classmate/1.6.0/classmate-1.6.0.jar:/Users/lilia/.m2/repository/io/projectreactor/addons/reactor-extra/3.5.1/reactor-extra-3.5.1.jar:/Users/lilia/.m2/repository/org/springframework/boot/spring-boot-starter-webflux/3.2.0/spring-boot-starter-webflux-3.2.0.jar:/Users/lilia/.m2/repository/org/springframework/boot/spring-boot-starter-json/3.2.0/spring-boot-starter-json-3.2.0.jar:/Users/lilia/.m2/repository/com/fasterxml/jackson/datatype/jackson-datatype-jdk8/2.15.3/jackson-datatype-jdk8-2.15.3.jar:/Users/lilia/.m2/repository/com/fasterxml/jackson/module/jackson-module-parameter-names/2.15.3/jackson-module-parameter-names-2.15.3.jar:/Users/lilia/.m2/repository/org/springframework/boot/spring-boot-starter-reactor-netty/3.2.0/spring-boot-starter-reactor-netty-3.2.0.jar:/Users/lilia/.m2/repository/io/projectreactor/netty/reactor-netty-http/1.1.13/reactor-netty-http-1.1.13.jar:/Users/lilia/.m2/repository/io/netty/netty-codec-http/4.1.101.Final/netty-codec-http-4.1.101.Final.jar:/Users/lilia/.m2/repository/io/netty/netty-common/4.1.101.Final/netty-common-4.1.101.Final.jar:/Users/lilia/.m2/repository/io/netty/netty-buffer/4.1.101.Final/netty-buffer-4.1.101.Final.jar:/Users/lilia/.m2/repository/io/netty/netty-transport/4.1.101.Final/netty-transport-4.1.101.Final.jar:/Users/lilia/.m2/repository/io/netty/netty-codec/4.1.101.Final/netty-codec-4.1.101.Final.jar:/Users/lilia/.m2/repository/io/netty/netty-handler/4.1.101.Final/netty-handler-4.1.101.Final.jar:/Users/lilia/.m2/repository/io/netty/netty-codec-http2/4.1.101.Final/netty-codec-http2-4.1.101.Final.jar:/Users/lilia/.m2/repository/io/netty/netty-resolver-dns/4.1.101.Final/netty-resolver-dns-4.1.101.Final.jar:/Users/lilia/.m2/repository/io/netty/netty-resolver/4.1.101.Final/netty-resolver-4.1.101.Final.jar:/Users/lilia/.m2/repository/io/netty/netty-codec-dns/4.1.101.Final/netty-codec-dns-4.1.101.Final.jar:/Users/lilia/.m2/repository/io/netty/netty-resolver-dns-native-macos/4.1.101.Final/netty-resolver-dns-native-macos-4.1.101.Final-osx-x86_64.jar:/Users/lilia/.m2/repository/io/netty/netty-resolver-dns-classes-macos/4.1.101.Final/netty-resolver-dns-classes-macos-4.1.101.Final.jar:/Users/lilia/.m2/repository/io/netty/netty-transport-native-epoll/4.1.101.Final/netty-transport-native-epoll-4.1.101.Final-linux-x86_64.jar:/Users/lilia/.m2/repository/io/netty/netty-transport-native-unix-common/4.1.101.Final/netty-transport-native-unix-common-4.1.101.Final.jar:/Users/lilia/.m2/repository/io/netty/netty-transport-classes-epoll/4.1.101.Final/netty-transport-classes-epoll-4.1.101.Final.jar:/Users/lilia/.m2/repository/io/projectreactor/netty/reactor-netty-core/1.1.13/reactor-netty-core-1.1.13.jar:/Users/lilia/.m2/repository/io/netty/netty-handler-proxy/4.1.101.Final/netty-handler-proxy-4.1.101.Final.jar:/Users/lilia/.m2/repository/io/netty/netty-codec-socks/4.1.101.Final/netty-codec-socks-4.1.101.Final.jar:/Users/lilia/.m2/repository/org/springframework/spring-web/6.1.1/spring-web-6.1.1.jar:/Users/lilia/.m2/repository/org/springframework/spring-webflux/6.1.1/spring-webflux-6.1.1.jar:/Users/lilia/.m2/repository/org/springframework/boot/spring-boot-starter-actuator/3.2.0/spring-boot-starter-actuator-3.2.0.jar:/Users/lilia/.m2/repository/org/springframework/boot/spring-boot-starter/3.2.0/spring-boot-starter-3.2.0.jar:/Users/lilia/.m2/repository/org/springframework/boot/spring-boot/3.2.0/spring-boot-3.2.0.jar:/Users/lilia/.m2/repository/org/springframework/boot/spring-boot-autoconfigure/3.2.0/spring-boot-autoconfigure-3.2.0.jar:/Users/lilia/.m2/repository/org/springframework/boot/spring-boot-starter-logging/3.2.0/spring-boot-starter-logging-3.2.0.jar:/Users/lilia/.m2/repository/ch/qos/logback/logback-classic/1.4.11/logback-classic-1.4.11.jar:/Users/lilia/.m2/repository/ch/qos/logback/logback-core/1.4.11/logback-core-1.4.11.jar:/Users/lilia/.m2/repository/org/apache/logging/log4j/log4j-to-slf4j/2.21.1/log4j-to-slf4j-2.21.1.jar:/Users/lilia/.m2/repository/org/apache/logging/log4j/log4j-api/2.21.1/log4j-api-2.21.1.jar:/Users/lilia/.m2/repository/org/slf4j/jul-to-slf4j/2.0.9/jul-to-slf4j-2.0.9.jar:/Users/lilia/.m2/repository/jakarta/annotation/jakarta.annotation-api/2.1.1/jakarta.annotation-api-2.1.1.jar:/Users/lilia/.m2/repository/org/yaml/snakeyaml/2.2/snakeyaml-2.2.jar:/Users/lilia/.m2/repository/org/springframework/boot/spring-boot-actuator-autoconfigure/3.2.0/spring-boot-actuator-autoconfigure-3.2.0.jar:/Users/lilia/.m2/repository/org/springframework/boot/spring-boot-actuator/3.2.0/spring-boot-actuator-3.2.0.jar:/Users/lilia/.m2/repository/com/fasterxml/jackson/datatype/jackson-datatype-jsr310/2.15.3/jackson-datatype-jsr310-2.15.3.jar:/Users/lilia/.m2/repository/io/micrometer/micrometer-observation/1.12.0/micrometer-observation-1.12.0.jar:/Users/lilia/.m2/repository/io/micrometer/micrometer-commons/1.12.0/micrometer-commons-1.12.0.jar:/Users/lilia/.m2/repository/io/micrometer/micrometer-jakarta9/1.12.0/micrometer-jakarta9-1.12.0.jar:/Users/lilia/.m2/repository/io/micrometer/micrometer-core/1.12.0/micrometer-core-1.12.0.jar:/Users/lilia/.m2/repository/org/hdrhistogram/HdrHistogram/2.1.12/HdrHistogram-2.1.12.jar:/Users/lilia/.m2/repository/org/latencyutils/LatencyUtils/2.0.3/LatencyUtils-2.0.3.jar:/Users/lilia/.m2/repository/org/springframework/boot/spring-boot-starter-security/3.2.0/spring-boot-starter-security-3.2.0.jar:/Users/lilia/.m2/repository/org/springframework/spring-aop/6.1.1/spring-aop-6.1.1.jar:/Users/lilia/.m2/repository/org/springframework/spring-beans/6.1.1/spring-beans-6.1.1.jar:/Users/lilia/.m2/repository/org/springframework/security/spring-security-config/6.2.0/spring-security-config-6.2.0.jar:/Users/lilia/.m2/repository/org/springframework/security/spring-security-core/6.2.0/spring-security-core-6.2.0.jar:/Users/lilia/.m2/repository/org/springframework/spring-context/6.1.1/spring-context-6.1.1.jar:/Users/lilia/.m2/repository/org/springframework/security/spring-security-web/6.2.0/spring-security-web-6.2.0.jar:/Users/lilia/.m2/repository/org/springframework/spring-expression/6.1.1/spring-expression-6.1.1.jar:/Users/lilia/.m2/repository/io/jsonwebtoken/jjwt-api/0.11.5/jjwt-api-0.11.5.jar:/Users/lilia/.m2/repository/io/jsonwebtoken/jjwt-impl/0.11.5/jjwt-impl-0.11.5.jar:/Users/lilia/.m2/repository/io/jsonwebtoken/jjwt-jackson/0.11.5/jjwt-jackson-0.11.5.jar:/Users/lilia/.m2/repository/com/fasterxml/jackson/core/jackson-databind/2.15.3/jackson-databind-2.15.3.jar:/Users/lilia/.m2/repository/com/fasterxml/jackson/core/jackson-annotations/2.15.3/jackson-annotations-2.15.3.jar:/Users/lilia/.m2/repository/com/fasterxml/jackson/core/jackson-core/2.15.3/jackson-core-2.15.3.jar:/Users/lilia/.m2/repository/org/projectlombok/lombok/1.18.32/lombok-1.18.32.jar:/Users/lilia/.m2/repository/org/springframework/boot/spring-boot-starter-test/3.2.0/spring-boot-starter-test-3.2.0.jar:/Users/lilia/.m2/repository/org/springframework/boot/spring-boot-test/3.2.0/spring-boot-test-3.2.0.jar:/Users/lilia/.m2/repository/org/springframework/boot/spring-boot-test-autoconfigure/3.2.0/spring-boot-test-autoconfigure-3.2.0.jar:/Users/lilia/.m2/repository/com/jayway/jsonpath/json-path/2.8.0/json-path-2.8.0.jar:/Users/lilia/.m2/repository/org/slf4j/slf4j-api/2.0.9/slf4j-api-2.0.9.jar:/Users/lilia/.m2/repository/jakarta/xml/bind/jakarta.xml.bind-api/4.0.1/jakarta.xml.bind-api-4.0.1.jar:/Users/lilia/.m2/repository/jakarta/activation/jakarta.activation-api/2.1.2/jakarta.activation-api-2.1.2.jar:/Users/lilia/.m2/repository/net/minidev/json-smart/2.5.0/json-smart-2.5.0.jar:/Users/lilia/.m2/repository/net/minidev/accessors-smart/2.5.0/accessors-smart-2.5.0.jar:/Users/lilia/.m2/repository/org/ow2/asm/asm/9.3/asm-9.3.jar:/Users/lilia/.m2/repository/org/assertj/assertj-core/3.24.2/assertj-core-3.24.2.jar:/Users/lilia/.m2/repository/net/bytebuddy/byte-buddy/1.14.10/byte-buddy-1.14.10.jar:/Users/lilia/.m2/repository/org/awaitility/awaitility/4.2.0/awaitility-4.2.0.jar:/Users/lilia/.m2/repository/org/hamcrest/hamcrest/2.2/hamcrest-2.2.jar:/Users/lilia/.m2/repository/org/junit/jupiter/junit-jupiter/5.10.1/junit-jupiter-5.10.1.jar:/Users/lilia/.m2/repository/org/junit/jupiter/junit-jupiter-params/5.10.1/junit-jupiter-params-5.10.1.jar:/Users/lilia/.m2/repository/org/junit/jupiter/junit-jupiter-engine/5.10.1/junit-jupiter-engine-5.10.1.jar:/Users/lilia/.m2/repository/org/junit/platform/junit-platform-engine/1.10.1/junit-platform-engine-1.10.1.jar:/Users/lilia/.m2/repository/org/mockito/mockito-core/5.5.0/mockito-core-5.5.0.jar:/Users/lilia/.m2/repository/net/bytebuddy/byte-buddy-agent/1.14.10/byte-buddy-agent-1.14.10.jar:/Users/lilia/.m2/repository/org/objenesis/objenesis/3.3/objenesis-3.3.jar:/Users/lilia/.m2/repository/org/skyscreamer/jsonassert/1.5.1/jsonassert-1.5.1.jar:/Users/lilia/.m2/repository/com/vaadin/external/google/android-json/0.0.20131108.vaadin1/android-json-0.0.20131108.vaadin1.jar:/Users/lilia/.m2/repository/org/springframework/spring-core/6.1.1/spring-core-6.1.1.jar:/Users/lilia/.m2/repository/org/springframework/spring-jcl/6.1.1/spring-jcl-6.1.1.jar:/Users/lilia/.m2/repository/org/springframework/spring-test/6.1.1/spring-test-6.1.1.jar:/Users/lilia/.m2/repository/org/xmlunit/xmlunit-core/2.9.1/xmlunit-core-2.9.1.jar:/Users/lilia/.m2/repository/io/projectreactor/reactor-test/3.6.0/reactor-test-3.6.0.jar:/Users/lilia/.m2/repository/io/projectreactor/reactor-core/3.6.0/reactor-core-3.6.0.jar:/Users/lilia/.m2/repository/org/reactivestreams/reactive-streams/1.0.4/reactive-streams-1.0.4.jar:/Users/lilia/.m2/repository/org/mockito/mockito-junit-jupiter/5.5.0/mockito-junit-jupiter-5.5.0.jar:/Users/lilia/.m2/repository/org/junit/jupiter/junit-jupiter-api/5.10.1/junit-jupiter-api-5.10.1.jar:/Users/lilia/.m2/repository/org/opentest4j/opentest4j/1.3.0/opentest4j-1.3.0.jar:/Users/lilia/.m2/repository/org/junit/platform/junit-platform-commons/1.10.1/junit-platform-commons-1.10.1.jar:/Users/lilia/.m2/repository/org/apiguardian/apiguardian-api/1.1.2/apiguardian-api-1.1.2.jar:/Users/lilia/.m2/repository/org/mockito/mockito-inline/5.2.0/mockito-inline-5.2.0.jar:"/>
    <property name="sun.cpu.endian" value="little"/>
    <property name="user.home" value="/Users/lilia"/>
    <property name="user.language" value="fr"/>
    <property name="java.specification.vendor" value="Oracle Corporation"/>
    <property name="java.version.date" value="2025-01-21"/>
    <property name="java.home" value="/opt/homebrew/Cellar/openjdk/23.0.2/libexec/openjdk.jdk/Contents/Home"/>
    <property name="file.separator" value="/"/>
    <property name="basedir" value="/Users/lilia/Desktop/deliverable/dms-gateway-main"/>
    <property name="java.vm.compressedOopsMode" value="Zero based"/>
    <property name="line.separator" value="&#10;"/>
    <property name="java.vm.specification.vendor" value="Oracle Corporation"/>
    <property name="java.specification.name" value="Java Platform API Specification"/>
    <property name="FILE_LOG_CHARSET" value="UTF-8"/>
    <property name="java.awt.headless" value="true"/>
    <property name="apple.awt.application.name" value="ForkedBooter"/>
    <property name="surefire.real.class.path" value="/Users/lilia/Desktop/deliverable/dms-gateway-main/target/surefire/surefirebooter-20250517073729792_3.jar"/>
    <property name="sun.management.compiler" value="HotSpot 64-Bit Tiered Compilers"/>
    <property name="ftp.nonProxyHosts" value="local|*.local|169.254/16|*.169.254/16"/>
    <property name="java.runtime.version" value="23.0.2"/>
    <property name="user.name" value="lilia"/>
    <property name="stdout.encoding" value="UTF-8"/>
    <property name="path.separator" value=":"/>
    <property name="os.version" value="15.4.1"/>
    <property name="java.runtime.name" value="OpenJDK Runtime Environment"/>
    <property name="file.encoding" value="UTF-8"/>
    <property name="java.vm.name" value="OpenJDK 64-Bit Server VM"/>
    <property name="java.vendor.version" value="Homebrew"/>
    <property name="localRepository" value="/Users/lilia/.m2/repository"/>
    <property name="java.vendor.url.bug" value="https://github.com/Homebrew/homebrew-core/issues"/>
    <property name="java.io.tmpdir" value="/var/folders/nm/b7tk3rjx5vnb02jr8x3zr64r0000gn/T/"/>
    <property name="java.version" value="23.0.2"/>
    <property name="user.dir" value="/Users/lilia/Desktop/deliverable/dms-gateway-main"/>
    <property name="os.arch" value="aarch64"/>
    <property name="java.vm.specification.name" value="Java Virtual Machine Specification"/>
    <property name="PID" value="84724"/>
    <property name="CONSOLE_LOG_CHARSET" value="UTF-8"/>
    <property name="native.encoding" value="UTF-8"/>
    <property name="java.library.path" value="/Users/lilia/Library/Java/Extensions:/Library/Java/Extensions:/Network/Library/Java/Extensions:/System/Library/Java/Extensions:/usr/lib/java:."/>
    <property name="java.vm.info" value="mixed mode, sharing"/>
    <property name="stderr.encoding" value="UTF-8"/>
    <property name="java.vendor" value="Homebrew"/>
    <property name="java.vm.version" value="23.0.2"/>
    <property name="sun.io.unicode.encoding" value="UnicodeBig"/>
    <property name="socksNonProxyHosts" value="local|*.local|169.254/16|*.169.254/16"/>
    <property name="java.class.version" value="67.0"/>
    <property name="LOGGED_APPLICATION_NAME" value="[api-gateway] "/>
  </properties>
  <testcase name="contextLoads" classname="com.docmgmt.gateway.ApiGatewayApplicationTest" time="0.524">
    <system-out><![CDATA[07:37:30.602 [main] INFO org.springframework.test.context.support.AnnotationConfigContextLoaderUtils -- Could not detect default configuration classes for test class [com.docmgmt.gateway.ApiGatewayApplicationTest]: ApiGatewayApplicationTest does not declare any static, non-private, non-final, nested classes annotated with @Configuration.
07:37:30.683 [main] INFO org.springframework.boot.test.context.SpringBootTestContextBootstrapper -- Found @SpringBootConfiguration com.docmgmt.gateway.ApiGatewayApplication for test class com.docmgmt.gateway.ApiGatewayApplicationTest

  .   ____          _            __ _ _
 /\\ / ___'_ __ _ _(_)_ __  __ _ \ \ \ \
( ( )\___ | '_ | '_| | '_ \/ _` | \ \ \ \
 \\/  ___)| |_)| | | | | || (_| |  ) ) ) )
  '  |____| .__|_| |_|_| |_\__, | / / / /
 =========|_|==============|___/=/_/_/_/
&amp#27;[32m :: Spring Boot :: &amp#27;[39m              &amp#27;[2m (v3.2.0)&amp#27;[0;39m

&amp#27;[2m2025-05-17T07:37:31.164+01:00&amp#27;[0;39m &amp#27;[32m INFO&amp#27;[0;39m &amp#27;[35m84724&amp#27;[0;39m &amp#27;[2m---&amp#27;[0;39m &amp#27;[2m[api-gateway] [           main]&amp#27;[0;39m &amp#27;[2m&amp#27;[0;39m&amp#27;[36mc.d.gateway.ApiGatewayApplicationTest   &amp#27;[0;39m &amp#27;[2m:&amp#27;[0;39m Starting ApiGatewayApplicationTest using Java 23.0.2 with PID 84724 (started by lilia in /Users/lilia/Desktop/deliverable/dms-gateway-main)
&amp#27;[2m2025-05-17T07:37:31.167+01:00&amp#27;[0;39m &amp#27;[32m INFO&amp#27;[0;39m &amp#27;[35m84724&amp#27;[0;39m &amp#27;[2m---&amp#27;[0;39m &amp#27;[2m[api-gateway] [           main]&amp#27;[0;39m &amp#27;[2m&amp#27;[0;39m&amp#27;[36mc.d.gateway.ApiGatewayApplicationTest   &amp#27;[0;39m &amp#27;[2m:&amp#27;[0;39m No active profile set, falling back to 1 default profile: "default"
&amp#27;[2m2025-05-17T07:37:32.665+01:00&amp#27;[0;39m &amp#27;[32m INFO&amp#27;[0;39m &amp#27;[35m84724&amp#27;[0;39m &amp#27;[2m---&amp#27;[0;39m &amp#27;[2m[api-gateway] [           main]&amp#27;[0;39m &amp#27;[2m&amp#27;[0;39m&amp#27;[36mo.s.cloud.context.scope.GenericScope    &amp#27;[0;39m &amp#27;[2m:&amp#27;[0;39m BeanFactory id=109f4f61-3fde-32dc-8122-272e32101f4c
&amp#27;[2m2025-05-17T07:37:33.052+01:00&amp#27;[0;39m &amp#27;[32m INFO&amp#27;[0;39m &amp#27;[35m84724&amp#27;[0;39m &amp#27;[2m---&amp#27;[0;39m &amp#27;[2m[api-gateway] [           main]&amp#27;[0;39m &amp#27;[2m&amp#27;[0;39m&amp#27;[36mctiveUserDetailsServiceAutoConfiguration&amp#27;[0;39m &amp#27;[2m:&amp#27;[0;39m 

Using generated security password: 3ecf43e0-0f97-41c5-ad4a-84d65213b488

&amp#27;[2m2025-05-17T07:37:33.352+01:00&amp#27;[0;39m &amp#27;[32mDEBUG&amp#27;[0;39m &amp#27;[35m84724&amp#27;[0;39m &amp#27;[2m---&amp#27;[0;39m &amp#27;[2m[api-gateway] [           main]&amp#27;[0;39m &amp#27;[2m&amp#27;[0;39m&amp#27;[36mo.s.c.gateway.config.GatewayProperties  &amp#27;[0;39m &amp#27;[2m:&amp#27;[0;39m Routes supplied from Gateway Properties: [RouteDefinition{id='auth-service', predicates=[PredicateDefinition{name='Path', args={_genkey_0=/auth/**}}], filters=[], uri=http://localhost:8081, order=0, metadata={}}, RouteDefinition{id='document-service', predicates=[PredicateDefinition{name='Path', args={_genkey_0=/documents/**}}], filters=[], uri=http://localhost:8082, order=0, metadata={}}, RouteDefinition{id='category-service', predicates=[PredicateDefinition{name='Path', args={_genkey_0=/categories/**}}], filters=[], uri=http://localhost:8082, order=0, metadata={}}, RouteDefinition{id='department-service', predicates=[PredicateDefinition{name='Path', args={_genkey_0=/departments/**}}], filters=[], uri=http://localhost:8082, order=0, metadata={}}, RouteDefinition{id='translation-service', predicates=[PredicateDefinition{name='Path', args={_genkey_0=/api/translate/**}}], filters=[], uri=http://localhost:9083, order=0, metadata={}}, RouteDefinition{id='storage-service', predicates=[PredicateDefinition{name='Path', args={_genkey_0=/storage/**}}], filters=[], uri=http://localhost:8090, order=0, metadata={}}, RouteDefinition{id='user-service', predicates=[PredicateDefinition{name='Path', args={_genkey_0=/users/**}}], filters=[], uri=http://localhost:8082, order=0, metadata={}}, RouteDefinition{id='document-service-dashboard', predicates=[PredicateDefinition{name='Path', args={_genkey_0=/dashboard}}], filters=[], uri=http://localhost:8082, order=0, metadata={}}]
&amp#27;[2m2025-05-17T07:37:33.442+01:00&amp#27;[0;39m &amp#27;[32m INFO&amp#27;[0;39m &amp#27;[35m84724&amp#27;[0;39m &amp#27;[2m---&amp#27;[0;39m &amp#27;[2m[api-gateway] [           main]&amp#27;[0;39m &amp#27;[2m&amp#27;[0;39m&amp#27;[36mo.s.c.g.r.RouteDefinitionRouteLocator   &amp#27;[0;39m &amp#27;[2m:&amp#27;[0;39m Loaded RoutePredicateFactory [After]
&amp#27;[2m2025-05-17T07:37:33.442+01:00&amp#27;[0;39m &amp#27;[32m INFO&amp#27;[0;39m &amp#27;[35m84724&amp#27;[0;39m &amp#27;[2m---&amp#27;[0;39m &amp#27;[2m[api-gateway] [           main]&amp#27;[0;39m &amp#27;[2m&amp#27;[0;39m&amp#27;[36mo.s.c.g.r.RouteDefinitionRouteLocator   &amp#27;[0;39m &amp#27;[2m:&amp#27;[0;39m Loaded RoutePredicateFactory [Before]
&amp#27;[2m2025-05-17T07:37:33.443+01:00&amp#27;[0;39m &amp#27;[32m INFO&amp#27;[0;39m &amp#27;[35m84724&amp#27;[0;39m &amp#27;[2m---&amp#27;[0;39m &amp#27;[2m[api-gateway] [           main]&amp#27;[0;39m &amp#27;[2m&amp#27;[0;39m&amp#27;[36mo.s.c.g.r.RouteDefinitionRouteLocator   &amp#27;[0;39m &amp#27;[2m:&amp#27;[0;39m Loaded RoutePredicateFactory [Between]
&amp#27;[2m2025-05-17T07:37:33.443+01:00&amp#27;[0;39m &amp#27;[32m INFO&amp#27;[0;39m &amp#27;[35m84724&amp#27;[0;39m &amp#27;[2m---&amp#27;[0;39m &amp#27;[2m[api-gateway] [           main]&amp#27;[0;39m &amp#27;[2m&amp#27;[0;39m&amp#27;[36mo.s.c.g.r.RouteDefinitionRouteLocator   &amp#27;[0;39m &amp#27;[2m:&amp#27;[0;39m Loaded RoutePredicateFactory [Cookie]
&amp#27;[2m2025-05-17T07:37:33.443+01:00&amp#27;[0;39m &amp#27;[32m INFO&amp#27;[0;39m &amp#27;[35m84724&amp#27;[0;39m &amp#27;[2m---&amp#27;[0;39m &amp#27;[2m[api-gateway] [           main]&amp#27;[0;39m &amp#27;[2m&amp#27;[0;39m&amp#27;[36mo.s.c.g.r.RouteDefinitionRouteLocator   &amp#27;[0;39m &amp#27;[2m:&amp#27;[0;39m Loaded RoutePredicateFactory [Header]
&amp#27;[2m2025-05-17T07:37:33.443+01:00&amp#27;[0;39m &amp#27;[32m INFO&amp#27;[0;39m &amp#27;[35m84724&amp#27;[0;39m &amp#27;[2m---&amp#27;[0;39m &amp#27;[2m[api-gateway] [           main]&amp#27;[0;39m &amp#27;[2m&amp#27;[0;39m&amp#27;[36mo.s.c.g.r.RouteDefinitionRouteLocator   &amp#27;[0;39m &amp#27;[2m:&amp#27;[0;39m Loaded RoutePredicateFactory [Host]
&amp#27;[2m2025-05-17T07:37:33.443+01:00&amp#27;[0;39m &amp#27;[32m INFO&amp#27;[0;39m &amp#27;[35m84724&amp#27;[0;39m &amp#27;[2m---&amp#27;[0;39m &amp#27;[2m[api-gateway] [           main]&amp#27;[0;39m &amp#27;[2m&amp#27;[0;39m&amp#27;[36mo.s.c.g.r.RouteDefinitionRouteLocator   &amp#27;[0;39m &amp#27;[2m:&amp#27;[0;39m Loaded RoutePredicateFactory [Method]
&amp#27;[2m2025-05-17T07:37:33.443+01:00&amp#27;[0;39m &amp#27;[32m INFO&amp#27;[0;39m &amp#27;[35m84724&amp#27;[0;39m &amp#27;[2m---&amp#27;[0;39m &amp#27;[2m[api-gateway] [           main]&amp#27;[0;39m &amp#27;[2m&amp#27;[0;39m&amp#27;[36mo.s.c.g.r.RouteDefinitionRouteLocator   &amp#27;[0;39m &amp#27;[2m:&amp#27;[0;39m Loaded RoutePredicateFactory [Path]
&amp#27;[2m2025-05-17T07:37:33.443+01:00&amp#27;[0;39m &amp#27;[32m INFO&amp#27;[0;39m &amp#27;[35m84724&amp#27;[0;39m &amp#27;[2m---&amp#27;[0;39m &amp#27;[2m[api-gateway] [           main]&amp#27;[0;39m &amp#27;[2m&amp#27;[0;39m&amp#27;[36mo.s.c.g.r.RouteDefinitionRouteLocator   &amp#27;[0;39m &amp#27;[2m:&amp#27;[0;39m Loaded RoutePredicateFactory [Query]
&amp#27;[2m2025-05-17T07:37:33.443+01:00&amp#27;[0;39m &amp#27;[32m INFO&amp#27;[0;39m &amp#27;[35m84724&amp#27;[0;39m &amp#27;[2m---&amp#27;[0;39m &amp#27;[2m[api-gateway] [           main]&amp#27;[0;39m &amp#27;[2m&amp#27;[0;39m&amp#27;[36mo.s.c.g.r.RouteDefinitionRouteLocator   &amp#27;[0;39m &amp#27;[2m:&amp#27;[0;39m Loaded RoutePredicateFactory [ReadBody]
&amp#27;[2m2025-05-17T07:37:33.443+01:00&amp#27;[0;39m &amp#27;[32m INFO&amp#27;[0;39m &amp#27;[35m84724&amp#27;[0;39m &amp#27;[2m---&amp#27;[0;39m &amp#27;[2m[api-gateway] [           main]&amp#27;[0;39m &amp#27;[2m&amp#27;[0;39m&amp#27;[36mo.s.c.g.r.RouteDefinitionRouteLocator   &amp#27;[0;39m &amp#27;[2m:&amp#27;[0;39m Loaded RoutePredicateFactory [RemoteAddr]
&amp#27;[2m2025-05-17T07:37:33.443+01:00&amp#27;[0;39m &amp#27;[32m INFO&amp#27;[0;39m &amp#27;[35m84724&amp#27;[0;39m &amp#27;[2m---&amp#27;[0;39m &amp#27;[2m[api-gateway] [           main]&amp#27;[0;39m &amp#27;[2m&amp#27;[0;39m&amp#27;[36mo.s.c.g.r.RouteDefinitionRouteLocator   &amp#27;[0;39m &amp#27;[2m:&amp#27;[0;39m Loaded RoutePredicateFactory [XForwardedRemoteAddr]
&amp#27;[2m2025-05-17T07:37:33.443+01:00&amp#27;[0;39m &amp#27;[32m INFO&amp#27;[0;39m &amp#27;[35m84724&amp#27;[0;39m &amp#27;[2m---&amp#27;[0;39m &amp#27;[2m[api-gateway] [           main]&amp#27;[0;39m &amp#27;[2m&amp#27;[0;39m&amp#27;[36mo.s.c.g.r.RouteDefinitionRouteLocator   &amp#27;[0;39m &amp#27;[2m:&amp#27;[0;39m Loaded RoutePredicateFactory [Weight]
&amp#27;[2m2025-05-17T07:37:33.444+01:00&amp#27;[0;39m &amp#27;[32m INFO&amp#27;[0;39m &amp#27;[35m84724&amp#27;[0;39m &amp#27;[2m---&amp#27;[0;39m &amp#27;[2m[api-gateway] [           main]&amp#27;[0;39m &amp#27;[2m&amp#27;[0;39m&amp#27;[36mo.s.c.g.r.RouteDefinitionRouteLocator   &amp#27;[0;39m &amp#27;[2m:&amp#27;[0;39m Loaded RoutePredicateFactory [CloudFoundryRouteService]
&amp#27;[2m2025-05-17T07:37:33.585+01:00&amp#27;[0;39m &amp#27;[32m INFO&amp#27;[0;39m &amp#27;[35m84724&amp#27;[0;39m &amp#27;[2m---&amp#27;[0;39m &amp#27;[2m[api-gateway] [           main]&amp#27;[0;39m &amp#27;[2m&amp#27;[0;39m&amp#27;[36mo.s.b.a.e.web.EndpointLinksResolver     &amp#27;[0;39m &amp#27;[2m:&amp#27;[0;39m Exposing 4 endpoint(s) beneath base path '/actuator'
&amp#27;[2m2025-05-17T07:37:33.834+01:00&amp#27;[0;39m &amp#27;[32m INFO&amp#27;[0;39m &amp#27;[35m84724&amp#27;[0;39m &amp#27;[2m---&amp#27;[0;39m &amp#27;[2m[api-gateway] [           main]&amp#27;[0;39m &amp#27;[2m&amp#27;[0;39m&amp#27;[36mo.s.b.web.embedded.netty.NettyWebServer &amp#27;[0;39m &amp#27;[2m:&amp#27;[0;39m Netty started on port 64672
&amp#27;[2m2025-05-17T07:37:33.872+01:00&amp#27;[0;39m &amp#27;[32mDEBUG&amp#27;[0;39m &amp#27;[35m84724&amp#27;[0;39m &amp#27;[2m---&amp#27;[0;39m &amp#27;[2m[api-gateway] [           main]&amp#27;[0;39m &amp#27;[2m&amp#27;[0;39m&amp#27;[36mo.s.c.g.r.RouteDefinitionRouteLocator   &amp#27;[0;39m &amp#27;[2m:&amp#27;[0;39m RouteDefinition auth-service applying {_genkey_0=/auth/**} to Path
&amp#27;[2m2025-05-17T07:37:33.887+01:00&amp#27;[0;39m &amp#27;[32mDEBUG&amp#27;[0;39m &amp#27;[35m84724&amp#27;[0;39m &amp#27;[2m---&amp#27;[0;39m &amp#27;[2m[api-gateway] [           main]&amp#27;[0;39m &amp#27;[2m&amp#27;[0;39m&amp#27;[36mo.s.c.g.r.RouteDefinitionRouteLocator   &amp#27;[0;39m &amp#27;[2m:&amp#27;[0;39m RouteDefinition matched: auth-service
&amp#27;[2m2025-05-17T07:37:33.888+01:00&amp#27;[0;39m &amp#27;[32mDEBUG&amp#27;[0;39m &amp#27;[35m84724&amp#27;[0;39m &amp#27;[2m---&amp#27;[0;39m &amp#27;[2m[api-gateway] [           main]&amp#27;[0;39m &amp#27;[2m&amp#27;[0;39m&amp#27;[36mo.s.c.g.r.RouteDefinitionRouteLocator   &amp#27;[0;39m &amp#27;[2m:&amp#27;[0;39m RouteDefinition document-service applying {_genkey_0=/documents/**} to Path
&amp#27;[2m2025-05-17T07:37:33.889+01:00&amp#27;[0;39m &amp#27;[32mDEBUG&amp#27;[0;39m &amp#27;[35m84724&amp#27;[0;39m &amp#27;[2m---&amp#27;[0;39m &amp#27;[2m[api-gateway] [           main]&amp#27;[0;39m &amp#27;[2m&amp#27;[0;39m&amp#27;[36mo.s.c.g.r.RouteDefinitionRouteLocator   &amp#27;[0;39m &amp#27;[2m:&amp#27;[0;39m RouteDefinition matched: document-service
&amp#27;[2m2025-05-17T07:37:33.889+01:00&amp#27;[0;39m &amp#27;[32mDEBUG&amp#27;[0;39m &amp#27;[35m84724&amp#27;[0;39m &amp#27;[2m---&amp#27;[0;39m &amp#27;[2m[api-gateway] [           main]&amp#27;[0;39m &amp#27;[2m&amp#27;[0;39m&amp#27;[36mo.s.c.g.r.RouteDefinitionRouteLocator   &amp#27;[0;39m &amp#27;[2m:&amp#27;[0;39m RouteDefinition category-service applying {_genkey_0=/categories/**} to Path
&amp#27;[2m2025-05-17T07:37:33.890+01:00&amp#27;[0;39m &amp#27;[32mDEBUG&amp#27;[0;39m &amp#27;[35m84724&amp#27;[0;39m &amp#27;[2m---&amp#27;[0;39m &amp#27;[2m[api-gateway] [           main]&amp#27;[0;39m &amp#27;[2m&amp#27;[0;39m&amp#27;[36mo.s.c.g.r.RouteDefinitionRouteLocator   &amp#27;[0;39m &amp#27;[2m:&amp#27;[0;39m RouteDefinition matched: category-service
&amp#27;[2m2025-05-17T07:37:33.890+01:00&amp#27;[0;39m &amp#27;[32mDEBUG&amp#27;[0;39m &amp#27;[35m84724&amp#27;[0;39m &amp#27;[2m---&amp#27;[0;39m &amp#27;[2m[api-gateway] [           main]&amp#27;[0;39m &amp#27;[2m&amp#27;[0;39m&amp#27;[36mo.s.c.g.r.RouteDefinitionRouteLocator   &amp#27;[0;39m &amp#27;[2m:&amp#27;[0;39m RouteDefinition department-service applying {_genkey_0=/departments/**} to Path
&amp#27;[2m2025-05-17T07:37:33.890+01:00&amp#27;[0;39m &amp#27;[32mDEBUG&amp#27;[0;39m &amp#27;[35m84724&amp#27;[0;39m &amp#27;[2m---&amp#27;[0;39m &amp#27;[2m[api-gateway] [           main]&amp#27;[0;39m &amp#27;[2m&amp#27;[0;39m&amp#27;[36mo.s.c.g.r.RouteDefinitionRouteLocator   &amp#27;[0;39m &amp#27;[2m:&amp#27;[0;39m RouteDefinition matched: department-service
&amp#27;[2m2025-05-17T07:37:33.890+01:00&amp#27;[0;39m &amp#27;[32mDEBUG&amp#27;[0;39m &amp#27;[35m84724&amp#27;[0;39m &amp#27;[2m---&amp#27;[0;39m &amp#27;[2m[api-gateway] [           main]&amp#27;[0;39m &amp#27;[2m&amp#27;[0;39m&amp#27;[36mo.s.c.g.r.RouteDefinitionRouteLocator   &amp#27;[0;39m &amp#27;[2m:&amp#27;[0;39m RouteDefinition translation-service applying {_genkey_0=/api/translate/**} to Path
&amp#27;[2m2025-05-17T07:37:33.891+01:00&amp#27;[0;39m &amp#27;[32mDEBUG&amp#27;[0;39m &amp#27;[35m84724&amp#27;[0;39m &amp#27;[2m---&amp#27;[0;39m &amp#27;[2m[api-gateway] [           main]&amp#27;[0;39m &amp#27;[2m&amp#27;[0;39m&amp#27;[36mo.s.c.g.r.RouteDefinitionRouteLocator   &amp#27;[0;39m &amp#27;[2m:&amp#27;[0;39m RouteDefinition matched: translation-service
&amp#27;[2m2025-05-17T07:37:33.891+01:00&amp#27;[0;39m &amp#27;[32mDEBUG&amp#27;[0;39m &amp#27;[35m84724&amp#27;[0;39m &amp#27;[2m---&amp#27;[0;39m &amp#27;[2m[api-gateway] [           main]&amp#27;[0;39m &amp#27;[2m&amp#27;[0;39m&amp#27;[36mo.s.c.g.r.RouteDefinitionRouteLocator   &amp#27;[0;39m &amp#27;[2m:&amp#27;[0;39m RouteDefinition storage-service applying {_genkey_0=/storage/**} to Path
&amp#27;[2m2025-05-17T07:37:33.892+01:00&amp#27;[0;39m &amp#27;[32mDEBUG&amp#27;[0;39m &amp#27;[35m84724&amp#27;[0;39m &amp#27;[2m---&amp#27;[0;39m &amp#27;[2m[api-gateway] [           main]&amp#27;[0;39m &amp#27;[2m&amp#27;[0;39m&amp#27;[36mo.s.c.g.r.RouteDefinitionRouteLocator   &amp#27;[0;39m &amp#27;[2m:&amp#27;[0;39m RouteDefinition matched: storage-service
&amp#27;[2m2025-05-17T07:37:33.892+01:00&amp#27;[0;39m &amp#27;[32mDEBUG&amp#27;[0;39m &amp#27;[35m84724&amp#27;[0;39m &amp#27;[2m---&amp#27;[0;39m &amp#27;[2m[api-gateway] [           main]&amp#27;[0;39m &amp#27;[2m&amp#27;[0;39m&amp#27;[36mo.s.c.g.r.RouteDefinitionRouteLocator   &amp#27;[0;39m &amp#27;[2m:&amp#27;[0;39m RouteDefinition user-service applying {_genkey_0=/users/**} to Path
&amp#27;[2m2025-05-17T07:37:33.892+01:00&amp#27;[0;39m &amp#27;[32mDEBUG&amp#27;[0;39m &amp#27;[35m84724&amp#27;[0;39m &amp#27;[2m---&amp#27;[0;39m &amp#27;[2m[api-gateway] [           main]&amp#27;[0;39m &amp#27;[2m&amp#27;[0;39m&amp#27;[36mo.s.c.g.r.RouteDefinitionRouteLocator   &amp#27;[0;39m &amp#27;[2m:&amp#27;[0;39m RouteDefinition matched: user-service
&amp#27;[2m2025-05-17T07:37:33.893+01:00&amp#27;[0;39m &amp#27;[32mDEBUG&amp#27;[0;39m &amp#27;[35m84724&amp#27;[0;39m &amp#27;[2m---&amp#27;[0;39m &amp#27;[2m[api-gateway] [           main]&amp#27;[0;39m &amp#27;[2m&amp#27;[0;39m&amp#27;[36mo.s.c.g.r.RouteDefinitionRouteLocator   &amp#27;[0;39m &amp#27;[2m:&amp#27;[0;39m RouteDefinition document-service-dashboard applying {_genkey_0=/dashboard} to Path
&amp#27;[2m2025-05-17T07:37:33.893+01:00&amp#27;[0;39m &amp#27;[32mDEBUG&amp#27;[0;39m &amp#27;[35m84724&amp#27;[0;39m &amp#27;[2m---&amp#27;[0;39m &amp#27;[2m[api-gateway] [           main]&amp#27;[0;39m &amp#27;[2m&amp#27;[0;39m&amp#27;[36mo.s.c.g.r.RouteDefinitionRouteLocator   &amp#27;[0;39m &amp#27;[2m:&amp#27;[0;39m RouteDefinition matched: document-service-dashboard
&amp#27;[2m2025-05-17T07:37:33.897+01:00&amp#27;[0;39m &amp#27;[32mDEBUG&amp#27;[0;39m &amp#27;[35m84724&amp#27;[0;39m &amp#27;[2m---&amp#27;[0;39m &amp#27;[2m[api-gateway] [           main]&amp#27;[0;39m &amp#27;[2m&amp#27;[0;39m&amp#27;[36mo.s.c.g.filter.GatewayMetricsFilter     &amp#27;[0;39m &amp#27;[2m:&amp#27;[0;39m New routes count: 8
&amp#27;[2m2025-05-17T07:37:33.898+01:00&amp#27;[0;39m &amp#27;[32m INFO&amp#27;[0;39m &amp#27;[35m84724&amp#27;[0;39m &amp#27;[2m---&amp#27;[0;39m &amp#27;[2m[api-gateway] [           main]&amp#27;[0;39m &amp#27;[2m&amp#27;[0;39m&amp#27;[36mc.d.gateway.ApiGatewayApplicationTest   &amp#27;[0;39m &amp#27;[2m:&amp#27;[0;39m Started ApiGatewayApplicationTest in 3.114 seconds (process running for 3.994)
]]></system-out>
    <system-err><![CDATA[WARNING: A Java agent has been loaded dynamically (/Users/lilia/.m2/repository/net/bytebuddy/byte-buddy-agent/1.14.10/byte-buddy-agent-1.14.10.jar)
WARNING: If a serviceability tool is in use, please run with -XX:+EnableDynamicAgentLoading to hide this warning
WARNING: If a serviceability tool is not in use, please run with -Djdk.instrument.traceUsage for more information
WARNING: Dynamic loading of agents will be disallowed by default in a future release
]]></system-err>
  </testcase>
</testsuite>